<?xml version="1.0" encoding="UTF-8"?>
<!-- Generated by org.testng.reporters.JUnitXMLReporter -->
<testsuite ignored="0" hostname="Venkatesh" failures="0" tests="8" name="Test2" time="60.784" errors="0" timestamp="2024-04-22T19:01:25 IST">
  <testcase classname="abcdefg.aprilpractiveframewrok.Registration" name="createRegistration" time="1.254"/>
  <testcase classname="abcdefg.aprilpractiveframewrok.Registration" name="registerwithMandatoryFields" time="1.122"/>
  <testcase classname="abcdefg.aprilpractiveframewrok.Registration" name="registerWithoutinputdata" time="0.806"/>
  <testcase classname="abcdefg.aprilpractiveframewrok.Registration" name="duplicateEmailid" time="0.777"/>
  <testcase classname="abcdefg.aprilpractiveframewrok.Registration" name="registerwithwrongconfirmpassword" time="0.672"/>
  <testcase classname="abcdefg.aprilpractiveframewrok.Registration" name="registerwithInvalidEmailAddress" time="0.899"/>
  <testcase classname="abcdefg.aprilpractiveframewrok.Registration" name="below4passwordcharecters" time="0.696"/>
  <testcase classname="abcdefg.aprilpractiveframewrok.Registration" name="registerwithoutPrivacypolicy" time="0.775"/>
</testsuite> <!-- Test2 -->
