<?xml version="1.0" encoding="UTF-8"?>
<!-- Generated by org.testng.reporters.JUnitXMLReporter -->
<testsuite ignored="0" hostname="Venkatesh" failures="0" tests="8" name="Test1" time="27.58" errors="0" timestamp="2024-04-23T08:10:59 IST">
  <testcase classname="abcdefg.aprilpractiveframewrok.Registration" name="createRegistration" time="0.97"/>
  <testcase classname="abcdefg.aprilpractiveframewrok.Registration" name="registerwithMandatoryFields" time="0.937"/>
  <testcase classname="abcdefg.aprilpractiveframewrok.Registration" name="registerWithoutinputdata" time="0.675"/>
  <testcase classname="abcdefg.aprilpractiveframewrok.Registration" name="duplicateEmailid" time="0.637"/>
  <testcase classname="abcdefg.aprilpractiveframewrok.Registration" name="registerwithwrongconfirmpassword" time="0.574"/>
  <testcase classname="abcdefg.aprilpractiveframewrok.Registration" name="registerwithInvalidEmailAddress" time="0.65"/>
  <testcase classname="abcdefg.aprilpractiveframewrok.Registration" name="below4passwordcharecters" time="0.629"/>
  <testcase classname="abcdefg.aprilpractiveframewrok.Registration" name="registerwithoutPrivacypolicy" time="0.575"/>
</testsuite> <!-- Test1 -->
