<?xml version="1.0" encoding="UTF-8"?>
<!-- Generated by org.testng.reporters.JUnitXMLReporter -->
<testsuite ignored="0" hostname="Venkatesh" failures="0" tests="14" name="Test" time="62.435" errors="0" timestamp="2024-05-31T12:35:22 IST">
  <testcase classname="abcdefg.aprilpractiveframewrok.Registration" name="createRegistration" time="0.951"/>
  <testcase classname="abcdefg.aprilpractiveframewrok.Registration" name="registerwithMandatoryFields" time="0.938"/>
  <testcase classname="abcdefg.aprilpractiveframewrok.Registration" name="registerWithoutinputdata" time="0.656"/>
  <testcase classname="abcdefg.aprilpractiveframewrok.Registration" name="duplicateEmailid" time="0.737"/>
  <testcase classname="abcdefg.aprilpractiveframewrok.Registration" name="registerwithwrongconfirmpassword" time="0.646"/>
  <testcase classname="abcdefg.aprilpractiveframewrok.Registration" name="registerwithInvalidEmailAddress" time="0.68"/>
  <testcase classname="abcdefg.aprilpractiveframewrok.Registration" name="below4passwordcharecters" time="0.672"/>
  <testcase classname="abcdefg.aprilpractiveframewrok.Registration" name="registerwithoutPrivacypolicy" time="0.696"/>
  <testcase classname="abcdefg.aprilpractiveframewrok.Login" name="LoginWithValidCredentials" time="0.567"/>
  <testcase classname="abcdefg.aprilpractiveframewrok.Login" name="LoginwithInValidCredentials" time="0.501"/>
  <testcase classname="abcdefg.aprilpractiveframewrok.Login" name="loginWithValidPasswordInValidEmail" time="0.46"/>
  <testcase classname="abcdefg.aprilpractiveframewrok.Login" name="loginWithvalidEmailandInValidpassword" time="0.486"/>
  <testcase classname="abcdefg.aprilpractiveframewrok.Login" name="TrytoLoginWithoutCredentials" time="0.57"/>
  <testcase classname="abcdefg.aprilpractiveframewrok.Login" name="VerifyForgotPassword" time="0.187"/>
</testsuite> <!-- Test -->
