<?xml version="1.0" encoding="UTF-8"?>
<testng-results ignored="0" total="14" passed="14" failed="0" skipped="0">
  <reporter-output>
  </reporter-output>
  <suite started-at="2024-05-31T12:34:19 IST" name="Suite" finished-at="2024-05-31T12:35:22 IST" duration-ms="62435">
    <groups>
    </groups>
    <test started-at="2024-05-31T12:34:19 IST" name="Test" finished-at="2024-05-31T12:35:22 IST" duration-ms="62435">
      <class name="abcdefg.aprilpractiveframewrok.Registration">
        <test-method is-config="true" signature="setup()[pri:0, instance:abcdefg.aprilpractiveframewrok.Registration@663c9e7a]" started-at="2024-05-31T12:34:20 IST" name="setup" finished-at="2024-05-31T12:34:24 IST" duration-ms="4144" status="PASS">
          <reporter-output>
          </reporter-output>
        </test-method> <!-- setup -->
        <test-method signature="createRegistration()[pri:1, instance:abcdefg.aprilpractiveframewrok.Registration@663c9e7a]" started-at="2024-05-31T12:34:24 IST" name="createRegistration" finished-at="2024-05-31T12:34:25 IST" duration-ms="951" status="PASS">
          <reporter-output>
          </reporter-output>
        </test-method> <!-- createRegistration -->
        <test-method is-config="true" signature="teardoen()[pri:0, instance:abcdefg.aprilpractiveframewrok.Registration@663c9e7a]" started-at="2024-05-31T12:34:25 IST" name="teardoen" finished-at="2024-05-31T12:34:25 IST" duration-ms="217" status="PASS">
          <reporter-output>
          </reporter-output>
        </test-method> <!-- teardoen -->
        <test-method is-config="true" signature="setup()[pri:0, instance:abcdefg.aprilpractiveframewrok.Registration@663c9e7a]" started-at="2024-05-31T12:34:25 IST" name="setup" finished-at="2024-05-31T12:34:28 IST" duration-ms="3593" status="PASS">
          <reporter-output>
          </reporter-output>
        </test-method> <!-- setup -->
        <test-method signature="registerwithMandatoryFields()[pri:2, instance:abcdefg.aprilpractiveframewrok.Registration@663c9e7a]" started-at="2024-05-31T12:34:28 IST" name="registerwithMandatoryFields" finished-at="2024-05-31T12:34:29 IST" duration-ms="938" status="PASS">
          <reporter-output>
          </reporter-output>
        </test-method> <!-- registerwithMandatoryFields -->
        <test-method is-config="true" signature="teardoen()[pri:0, instance:abcdefg.aprilpractiveframewrok.Registration@663c9e7a]" started-at="2024-05-31T12:34:29 IST" name="teardoen" finished-at="2024-05-31T12:34:30 IST" duration-ms="139" status="PASS">
          <reporter-output>
          </reporter-output>
        </test-method> <!-- teardoen -->
        <test-method is-config="true" signature="setup()[pri:0, instance:abcdefg.aprilpractiveframewrok.Registration@663c9e7a]" started-at="2024-05-31T12:34:30 IST" name="setup" finished-at="2024-05-31T12:34:33 IST" duration-ms="3438" status="PASS">
          <reporter-output>
          </reporter-output>
        </test-method> <!-- setup -->
        <test-method signature="registerWithoutinputdata()[pri:3, instance:abcdefg.aprilpractiveframewrok.Registration@663c9e7a]" started-at="2024-05-31T12:34:33 IST" name="registerWithoutinputdata" finished-at="2024-05-31T12:34:34 IST" duration-ms="656" status="PASS">
          <reporter-output>
          </reporter-output>
        </test-method> <!-- registerWithoutinputdata -->
        <test-method is-config="true" signature="teardoen()[pri:0, instance:abcdefg.aprilpractiveframewrok.Registration@663c9e7a]" started-at="2024-05-31T12:34:34 IST" name="teardoen" finished-at="2024-05-31T12:34:34 IST" duration-ms="170" status="PASS">
          <reporter-output>
          </reporter-output>
        </test-method> <!-- teardoen -->
        <test-method is-config="true" signature="setup()[pri:0, instance:abcdefg.aprilpractiveframewrok.Registration@663c9e7a]" started-at="2024-05-31T12:34:34 IST" name="setup" finished-at="2024-05-31T12:34:37 IST" duration-ms="3566" status="PASS">
          <reporter-output>
          </reporter-output>
        </test-method> <!-- setup -->
        <test-method signature="duplicateEmailid()[pri:4, instance:abcdefg.aprilpractiveframewrok.Registration@663c9e7a]" started-at="2024-05-31T12:34:37 IST" name="duplicateEmailid" finished-at="2024-05-31T12:34:38 IST" duration-ms="737" status="PASS">
          <reporter-output>
          </reporter-output>
        </test-method> <!-- duplicateEmailid -->
        <test-method is-config="true" signature="teardoen()[pri:0, instance:abcdefg.aprilpractiveframewrok.Registration@663c9e7a]" started-at="2024-05-31T12:34:38 IST" name="teardoen" finished-at="2024-05-31T12:34:38 IST" duration-ms="142" status="PASS">
          <reporter-output>
          </reporter-output>
        </test-method> <!-- teardoen -->
        <test-method is-config="true" signature="setup()[pri:0, instance:abcdefg.aprilpractiveframewrok.Registration@663c9e7a]" started-at="2024-05-31T12:34:38 IST" name="setup" finished-at="2024-05-31T12:34:42 IST" duration-ms="3704" status="PASS">
          <reporter-output>
          </reporter-output>
        </test-method> <!-- setup -->
        <test-method signature="registerwithwrongconfirmpassword()[pri:5, instance:abcdefg.aprilpractiveframewrok.Registration@663c9e7a]" started-at="2024-05-31T12:34:42 IST" name="registerwithwrongconfirmpassword" finished-at="2024-05-31T12:34:43 IST" duration-ms="646" status="PASS">
          <reporter-output>
          </reporter-output>
        </test-method> <!-- registerwithwrongconfirmpassword -->
        <test-method is-config="true" signature="teardoen()[pri:0, instance:abcdefg.aprilpractiveframewrok.Registration@663c9e7a]" started-at="2024-05-31T12:34:43 IST" name="teardoen" finished-at="2024-05-31T12:34:43 IST" duration-ms="130" status="PASS">
          <reporter-output>
          </reporter-output>
        </test-method> <!-- teardoen -->
        <test-method is-config="true" signature="setup()[pri:0, instance:abcdefg.aprilpractiveframewrok.Registration@663c9e7a]" started-at="2024-05-31T12:34:43 IST" name="setup" finished-at="2024-05-31T12:34:46 IST" duration-ms="3484" status="PASS">
          <reporter-output>
          </reporter-output>
        </test-method> <!-- setup -->
        <test-method signature="registerwithInvalidEmailAddress()[pri:6, instance:abcdefg.aprilpractiveframewrok.Registration@663c9e7a]" started-at="2024-05-31T12:34:46 IST" name="registerwithInvalidEmailAddress" finished-at="2024-05-31T12:34:47 IST" duration-ms="680" status="PASS">
          <reporter-output>
          </reporter-output>
        </test-method> <!-- registerwithInvalidEmailAddress -->
        <test-method is-config="true" signature="teardoen()[pri:0, instance:abcdefg.aprilpractiveframewrok.Registration@663c9e7a]" started-at="2024-05-31T12:34:47 IST" name="teardoen" finished-at="2024-05-31T12:34:47 IST" duration-ms="136" status="PASS">
          <reporter-output>
          </reporter-output>
        </test-method> <!-- teardoen -->
        <test-method is-config="true" signature="setup()[pri:0, instance:abcdefg.aprilpractiveframewrok.Registration@663c9e7a]" started-at="2024-05-31T12:34:47 IST" name="setup" finished-at="2024-05-31T12:34:52 IST" duration-ms="5467" status="PASS">
          <reporter-output>
          </reporter-output>
        </test-method> <!-- setup -->
        <test-method signature="below4passwordcharecters()[pri:7, instance:abcdefg.aprilpractiveframewrok.Registration@663c9e7a]" started-at="2024-05-31T12:34:52 IST" name="below4passwordcharecters" finished-at="2024-05-31T12:34:53 IST" duration-ms="672" status="PASS">
          <reporter-output>
          </reporter-output>
        </test-method> <!-- below4passwordcharecters -->
        <test-method is-config="true" signature="teardoen()[pri:0, instance:abcdefg.aprilpractiveframewrok.Registration@663c9e7a]" started-at="2024-05-31T12:34:53 IST" name="teardoen" finished-at="2024-05-31T12:34:53 IST" duration-ms="151" status="PASS">
          <reporter-output>
          </reporter-output>
        </test-method> <!-- teardoen -->
        <test-method is-config="true" signature="setup()[pri:0, instance:abcdefg.aprilpractiveframewrok.Registration@663c9e7a]" started-at="2024-05-31T12:34:53 IST" name="setup" finished-at="2024-05-31T12:34:57 IST" duration-ms="3486" status="PASS">
          <reporter-output>
          </reporter-output>
        </test-method> <!-- setup -->
        <test-method signature="registerwithoutPrivacypolicy()[pri:8, instance:abcdefg.aprilpractiveframewrok.Registration@663c9e7a]" started-at="2024-05-31T12:34:57 IST" name="registerwithoutPrivacypolicy" finished-at="2024-05-31T12:34:58 IST" duration-ms="696" status="PASS">
          <reporter-output>
          </reporter-output>
        </test-method> <!-- registerwithoutPrivacypolicy -->
        <test-method is-config="true" signature="teardoen()[pri:0, instance:abcdefg.aprilpractiveframewrok.Registration@663c9e7a]" started-at="2024-05-31T12:34:58 IST" name="teardoen" finished-at="2024-05-31T12:34:58 IST" duration-ms="149" status="PASS">
          <reporter-output>
          </reporter-output>
        </test-method> <!-- teardoen -->
      </class> <!-- abcdefg.aprilpractiveframewrok.Registration -->
      <class name="abcdefg.aprilpractiveframewrok.Login">
        <test-method is-config="true" signature="setUp()[pri:0, instance:abcdefg.aprilpractiveframewrok.Login@1caa0244]" started-at="2024-05-31T12:34:58 IST" name="setUp" finished-at="2024-05-31T12:35:01 IST" duration-ms="3262" status="PASS">
          <reporter-output>
          </reporter-output>
        </test-method> <!-- setUp -->
        <test-method signature="LoginWithValidCredentials()[pri:1, instance:abcdefg.aprilpractiveframewrok.Login@1caa0244]" started-at="2024-05-31T12:35:01 IST" name="LoginWithValidCredentials" finished-at="2024-05-31T12:35:01 IST" duration-ms="567" status="PASS">
          <reporter-output>
          </reporter-output>
        </test-method> <!-- LoginWithValidCredentials -->
        <test-method is-config="true" signature="tearDown()[pri:0, instance:abcdefg.aprilpractiveframewrok.Login@1caa0244]" started-at="2024-05-31T12:35:01 IST" name="tearDown" finished-at="2024-05-31T12:35:02 IST" duration-ms="138" status="PASS">
          <reporter-output>
          </reporter-output>
        </test-method> <!-- tearDown -->
        <test-method is-config="true" signature="setUp()[pri:0, instance:abcdefg.aprilpractiveframewrok.Login@1caa0244]" started-at="2024-05-31T12:35:02 IST" name="setUp" finished-at="2024-05-31T12:35:05 IST" duration-ms="3420" status="PASS">
          <reporter-output>
          </reporter-output>
        </test-method> <!-- setUp -->
        <test-method signature="LoginwithInValidCredentials()[pri:2, instance:abcdefg.aprilpractiveframewrok.Login@1caa0244]" started-at="2024-05-31T12:35:05 IST" name="LoginwithInValidCredentials" finished-at="2024-05-31T12:35:06 IST" duration-ms="501" status="PASS">
          <reporter-output>
          </reporter-output>
        </test-method> <!-- LoginwithInValidCredentials -->
        <test-method is-config="true" signature="tearDown()[pri:0, instance:abcdefg.aprilpractiveframewrok.Login@1caa0244]" started-at="2024-05-31T12:35:06 IST" name="tearDown" finished-at="2024-05-31T12:35:06 IST" duration-ms="144" status="PASS">
          <reporter-output>
          </reporter-output>
        </test-method> <!-- tearDown -->
        <test-method is-config="true" signature="setUp()[pri:0, instance:abcdefg.aprilpractiveframewrok.Login@1caa0244]" started-at="2024-05-31T12:35:06 IST" name="setUp" finished-at="2024-05-31T12:35:09 IST" duration-ms="3536" status="PASS">
          <reporter-output>
          </reporter-output>
        </test-method> <!-- setUp -->
        <test-method signature="loginWithValidPasswordInValidEmail()[pri:3, instance:abcdefg.aprilpractiveframewrok.Login@1caa0244]" started-at="2024-05-31T12:35:09 IST" name="loginWithValidPasswordInValidEmail" finished-at="2024-05-31T12:35:10 IST" duration-ms="460" status="PASS">
          <reporter-output>
          </reporter-output>
        </test-method> <!-- loginWithValidPasswordInValidEmail -->
        <test-method is-config="true" signature="tearDown()[pri:0, instance:abcdefg.aprilpractiveframewrok.Login@1caa0244]" started-at="2024-05-31T12:35:10 IST" name="tearDown" finished-at="2024-05-31T12:35:10 IST" duration-ms="126" status="PASS">
          <reporter-output>
          </reporter-output>
        </test-method> <!-- tearDown -->
        <test-method is-config="true" signature="setUp()[pri:0, instance:abcdefg.aprilpractiveframewrok.Login@1caa0244]" started-at="2024-05-31T12:35:10 IST" name="setUp" finished-at="2024-05-31T12:35:13 IST" duration-ms="3389" status="PASS">
          <reporter-output>
          </reporter-output>
        </test-method> <!-- setUp -->
        <test-method signature="loginWithvalidEmailandInValidpassword()[pri:4, instance:abcdefg.aprilpractiveframewrok.Login@1caa0244]" started-at="2024-05-31T12:35:13 IST" name="loginWithvalidEmailandInValidpassword" finished-at="2024-05-31T12:35:14 IST" duration-ms="486" status="PASS">
          <reporter-output>
          </reporter-output>
        </test-method> <!-- loginWithvalidEmailandInValidpassword -->
        <test-method is-config="true" signature="tearDown()[pri:0, instance:abcdefg.aprilpractiveframewrok.Login@1caa0244]" started-at="2024-05-31T12:35:14 IST" name="tearDown" finished-at="2024-05-31T12:35:14 IST" duration-ms="138" status="PASS">
          <reporter-output>
          </reporter-output>
        </test-method> <!-- tearDown -->
        <test-method is-config="true" signature="setUp()[pri:0, instance:abcdefg.aprilpractiveframewrok.Login@1caa0244]" started-at="2024-05-31T12:35:14 IST" name="setUp" finished-at="2024-05-31T12:35:17 IST" duration-ms="3497" status="PASS">
          <reporter-output>
          </reporter-output>
        </test-method> <!-- setUp -->
        <test-method signature="TrytoLoginWithoutCredentials()[pri:5, instance:abcdefg.aprilpractiveframewrok.Login@1caa0244]" started-at="2024-05-31T12:35:17 IST" name="TrytoLoginWithoutCredentials" finished-at="2024-05-31T12:35:18 IST" duration-ms="570" status="PASS">
          <reporter-output>
          </reporter-output>
        </test-method> <!-- TrytoLoginWithoutCredentials -->
        <test-method is-config="true" signature="tearDown()[pri:0, instance:abcdefg.aprilpractiveframewrok.Login@1caa0244]" started-at="2024-05-31T12:35:18 IST" name="tearDown" finished-at="2024-05-31T12:35:18 IST" duration-ms="138" status="PASS">
          <reporter-output>
          </reporter-output>
        </test-method> <!-- tearDown -->
        <test-method is-config="true" signature="setUp()[pri:0, instance:abcdefg.aprilpractiveframewrok.Login@1caa0244]" started-at="2024-05-31T12:35:18 IST" name="setUp" finished-at="2024-05-31T12:35:22 IST" duration-ms="3555" status="PASS">
          <reporter-output>
          </reporter-output>
        </test-method> <!-- setUp -->
        <test-method signature="VerifyForgotPassword()[pri:6, instance:abcdefg.aprilpractiveframewrok.Login@1caa0244]" started-at="2024-05-31T12:35:22 IST" name="VerifyForgotPassword" finished-at="2024-05-31T12:35:22 IST" duration-ms="187" status="PASS">
          <reporter-output>
          </reporter-output>
        </test-method> <!-- VerifyForgotPassword -->
        <test-method is-config="true" signature="tearDown()[pri:0, instance:abcdefg.aprilpractiveframewrok.Login@1caa0244]" started-at="2024-05-31T12:35:22 IST" name="tearDown" finished-at="2024-05-31T12:35:22 IST" duration-ms="147" status="PASS">
          <reporter-output>
          </reporter-output>
        </test-method> <!-- tearDown -->
      </class> <!-- abcdefg.aprilpractiveframewrok.Login -->
    </test> <!-- Test -->
  </suite> <!-- Suite -->
</testng-results>
