<?xml version="1.0" encoding="UTF-8"?>
<!-- Generated by org.testng.reporters.JUnitXMLReporter -->
<testsuite ignored="0" hostname="Venkatesh" failures="0" tests="4" name="Default test" time="66.902" errors="0" timestamp="2024-04-28T12:23:22 IST">
  <testcase classname="src.main.askmeOffersHomePage" name="checkImages" time="8.785"/>
  <testcase classname="src.main.askmeOffersHomePage" name="verifyBrokenImages" time="6.072"/>
  <testcase classname="src.main.askmeOffersHomePage" name="TestAllLinksOnHomepage" time="15.933"/>
  <testcase classname="src.main.askmeOffersHomePage" name="verifyBrokenLinks" time="27.65"/>
</testsuite> <!-- Default test -->
